<?xml version="1.0" encoding="UTF-8"?>
<testng-results ignored="0" total="2" passed="2" failed="0" skipped="0">
  <reporter-output>
  </reporter-output>
  <suite started-at="2024-02-09T12:17:36 IST" name="Suite" finished-at="2024-02-09T12:17:48 IST" duration-ms="12181">
    <groups>
    </groups>
    <test started-at="2024-02-09T12:17:36 IST" name="Test" finished-at="2024-02-09T12:17:48 IST" duration-ms="12181">
      <class name="testscripts.Test_Login">
        <test-method signature="Test1()[pri:0, instance:testscripts.Test_Login@2890c451]" started-at="2024-02-09T12:17:36 IST" name="Test1" finished-at="2024-02-09T12:17:47 IST" duration-ms="11164" status="PASS">
          <reporter-output>
          </reporter-output>
        </test-method> <!-- Test1 -->
      </class> <!-- testscripts.Test_Login -->
      <class name="testscripts.Test_Login2">
        <test-method signature="Test2()[pri:0, instance:testscripts.Test_Login2@25b485ba]" started-at="2024-02-09T12:17:36 IST" name="Test2" finished-at="2024-02-09T12:17:48 IST" duration-ms="12143" status="PASS">
          <reporter-output>
          </reporter-output>
        </test-method> <!-- Test2 -->
      </class> <!-- testscripts.Test_Login2 -->
    </test> <!-- Test -->
  </suite> <!-- Suite -->
</testng-results>
