<?xml version="1.0" encoding="UTF-8"?>
<testng-results ignored="0" total="2" passed="2" failed="0" skipped="0">
  <reporter-output>
  </reporter-output>
  <suite started-at="2024-02-09T15:35:18 IST" name="Suite" finished-at="2024-02-09T15:35:34 IST" duration-ms="16224">
    <groups>
    </groups>
    <test started-at="2024-02-09T15:35:18 IST" name="Test" finished-at="2024-02-09T15:35:34 IST" duration-ms="16224">
      <class name="testscripts.Test_Login">
        <test-method signature="Test1()[pri:0, instance:testscripts.Test_Login@7dc0f706]" started-at="2024-02-09T15:35:18 IST" name="Test1" finished-at="2024-02-09T15:35:34 IST" duration-ms="16181" status="PASS">
          <reporter-output>
          </reporter-output>
        </test-method> <!-- Test1 -->
      </class> <!-- testscripts.Test_Login -->
      <class name="testscripts.Test_Login2">
        <test-method signature="Test2()[pri:0, instance:testscripts.Test_Login2@5aebe890]" started-at="2024-02-09T15:35:18 IST" name="Test2" finished-at="2024-02-09T15:35:28 IST" duration-ms="10052" status="PASS">
          <reporter-output>
          </reporter-output>
        </test-method> <!-- Test2 -->
      </class> <!-- testscripts.Test_Login2 -->
    </test> <!-- Test -->
  </suite> <!-- Suite -->
</testng-results>
