<?xml version="1.0" encoding="UTF-8"?>
<testng-results ignored="0" total="2" passed="2" failed="0" skipped="0">
  <reporter-output>
  </reporter-output>
  <suite started-at="2024-02-09T11:59:58 IST" name="Suite" finished-at="2024-02-09T12:00:13 IST" duration-ms="15381">
    <groups>
    </groups>
    <test started-at="2024-02-09T11:59:58 IST" name="Test" finished-at="2024-02-09T12:00:13 IST" duration-ms="15381">
      <class name="test.Test_Login2">
        <test-method signature="Test2()[pri:0, instance:test.Test_Login2@4b013c76]" started-at="2024-02-09T11:59:58 IST" name="Test2" finished-at="2024-02-09T12:00:13 IST" duration-ms="15316" status="PASS">
          <reporter-output>
          </reporter-output>
        </test-method> <!-- Test2 -->
      </class> <!-- test.Test_Login2 -->
      <class name="test.Test_Login">
        <test-method signature="Test1()[pri:0, instance:test.Test_Login@54422e18]" started-at="2024-02-09T11:59:58 IST" name="Test1" finished-at="2024-02-09T12:00:10 IST" duration-ms="11870" status="PASS">
          <reporter-output>
          </reporter-output>
        </test-method> <!-- Test1 -->
      </class> <!-- test.Test_Login -->
    </test> <!-- Test -->
  </suite> <!-- Suite -->
</testng-results>
