<?xml version="1.0" encoding="UTF-8"?>
<testng-results ignored="0" total="1" passed="1" failed="0" skipped="0">
  <reporter-output>
  </reporter-output>
  <suite started-at="2024-02-15T02:13:50 IST" name="Default suite" finished-at="2024-02-15T02:14:06 IST" duration-ms="15740">
    <groups>
    </groups>
    <test started-at="2024-02-15T02:13:50 IST" name="Default test" finished-at="2024-02-15T02:14:06 IST" duration-ms="15740">
      <class name="test.java.testscripts.Test_Login">
        <test-method signature="Test1()[pri:0, instance:test.java.testscripts.Test_Login@55a147cc]" started-at="2024-02-15T02:13:50 IST" name="Test1" finished-at="2024-02-15T02:14:06 IST" duration-ms="15683" status="PASS">
          <reporter-output>
          </reporter-output>
        </test-method> <!-- Test1 -->
      </class> <!-- test.java.testscripts.Test_Login -->
    </test> <!-- Default test -->
  </suite> <!-- Default suite -->
</testng-results>
